<?xml version="1.0" encoding="UTF-8"?>
<testng-results skipped="0" failed="0" ignored="0" total="1" passed="1">
  <reporter-output>
    <line>
      <![CDATA[<a href='C:\Users\Sharif\development\PageObjectComplteFrameWorkWithPageFactory\src\main\java\screenshot\loginToCredential_06_12_2017_11_09_53.png'> <img src='C:\Users\Sharif\development\PageObjectComplteFrameWorkWithPageFactory\src\main\java\screenshot\loginToCredential_06_12_2017_11_09_53.png' height='100' width='100'/> </a>]]>
    </line>
  </reporter-output>
  <suite name="Regression Suit" duration-ms="10413" started-at="2017-12-07T04:09:44Z" finished-at="2017-12-07T04:09:54Z">
    <groups>
    </groups>
    <test name="Regression Test" duration-ms="10413" started-at="2017-12-07T04:09:44Z" finished-at="2017-12-07T04:09:54Z">
      <class name="homePageTest.TC001_LoginVerify">
        <test-method status="PASS" signature="setUp()[pri:0, instance:homePageTest.TC001_LoginVerify@2d3fcdbd]" name="setUp" is-config="true" duration-ms="7472" started-at="2017-12-06T23:09:44Z" finished-at="2017-12-06T23:09:51Z">
          <reporter-output>
          </reporter-output>
        </test-method> <!-- setUp -->
        <test-method status="PASS" signature="loginToCredential()[pri:0, instance:homePageTest.TC001_LoginVerify@2d3fcdbd]" name="loginToCredential" duration-ms="2162" started-at="2017-12-06T23:09:51Z" finished-at="2017-12-06T23:09:53Z">
          <reporter-output>
            <line>
              <![CDATA[<a href='C:\Users\Sharif\development\PageObjectComplteFrameWorkWithPageFactory\src\main\java\screenshot\loginToCredential_06_12_2017_11_09_53.png'> <img src='C:\Users\Sharif\development\PageObjectComplteFrameWorkWithPageFactory\src\main\java\screenshot\loginToCredential_06_12_2017_11_09_53.png' height='100' width='100'/> </a>]]>
            </line>
          </reporter-output>
        </test-method> <!-- loginToCredential -->
        <test-method status="PASS" signature="endTest()[pri:0, instance:homePageTest.TC001_LoginVerify@2d3fcdbd]" name="endTest" is-config="true" duration-ms="763" started-at="2017-12-06T23:09:53Z" finished-at="2017-12-06T23:09:54Z">
          <reporter-output>
          </reporter-output>
        </test-method> <!-- endTest -->
      </class> <!-- homePageTest.TC001_LoginVerify -->
    </test> <!-- Regression Test -->
  </suite> <!-- Regression Suit -->
</testng-results>
